TN:
SF:C:\Users\HELDER\Documents\01 FullStack Master\expressJS-tabuada\controllers\index.test.js
FN:8,(anonymous_1)
FNF:1
FNH:0
FNDA:0,(anonymous_1)
DA:1,1
DA:2,1
DA:5,1
DA:6,1
DA:7,1
DA:10,1
DA:11,1
DA:12,1
LF:8
LH:8
BRF:0
BRH:0
end_of_record
TN:
SF:C:\Users\HELDER\Documents\01 FullStack Master\expressJS-tabuada\controllers\index.js
FNF:0
FNH:0
DA:1,1
DA:2,1
DA:5,1
LF:3
LH:3
BRF:0
BRH:0
end_of_record
TN:
SF:C:\Users\HELDER\Documents\01 FullStack Master\expressJS-tabuada\controllers\tabuada.test.js
FN:11,(anonymous_1)
FN:29,(anonymous_2)
FNF:2
FNH:0
FNDA:0,(anonymous_1)
FNDA:0,(anonymous_2)
DA:1,1
DA:2,1
DA:4,1
DA:5,1
DA:6,1
DA:7,1
DA:8,100
DA:10,1
DA:13,1
DA:14,1
DA:15,1
DA:17,1
DA:18,1
DA:19,1
DA:21,1
DA:22,101
DA:28,1
DA:31,1
DA:32,1
DA:36,1
LF:20
LH:20
BRF:0
BRH:0
end_of_record
TN:
SF:C:\Users\HELDER\Documents\01 FullStack Master\expressJS-tabuada\controllers\tabuada.js
FNF:0
FNH:0
DA:1,1
DA:2,1
DA:3,1
DA:4,100
DA:6,1
DA:9,1
DA:10,1
DA:11,1
DA:13,1
DA:14,101
DA:20,1
DA:26,1
LF:12
LH:12
BRF:0
BRH:0
end_of_record
